{
  "4607275867407383762644057638853918738589067341163942788154680326044989993412": {
    "i": "Your task is to assess the consistent feasibility of adding a new node term as a child to a designated parent node, considering the parent of the parent of the specified parenting node.

 Question: 
"coloring" represents the parent node term under consideration. 
 - "coloring" : the act or process of changing the color of something
"coloring" is the subclass of "change_of_color".
 - "change_of_color" : an act that changes the light that something reflects
Now we want to add "hair_coloring" as a new child to the term "coloring".
 - "hair_coloring" : the act of dyeing or tinting one's hair
If we decide to add a new node "hair_coloring" as a child of "coloring", it should conceptually become the consistent grandchild of"change_of_color".

 Answer:
Yes

 Explanation:
",
    "o": "Hair coloring is a kind of coloring. So it is consistent for us to add hair coloring as a child of coloring."
  },
  "52720094610164083199487092776447835554238056025637183290849760442432910293412": {
    "i": "Your task is to assess the consistent feasibility of adding a new node term as a child to a designated parent node, considering the parent of the parent of the specified parenting node.

 Question: 
"coloring" represents the parent node term under consideration. 
 - "coloring" : the act or process of changing the color of something
"coloring" is the subclass of "change_of_color".
 - "change_of_color" : an act that changes the light that something reflects
Now we want to add "hair_coloring" as a new child to the term "coloring".
 - "arousal" : the act of arousing
If we decide to add a new node "arousal" as a child of "coloring", it should conceptually become the consistent grandchild of"change_of_color".

 Answer:
No

 Explanation:
",
    "o": "The new node term "arousal" is not a child term of "coloring"."
  },
  "13172707209274925987064591479868562129911973398294671172443888029483361137525": {
    "i": "Your task is to assess the consistent feasibility of adding a new node term as a child to a designated parent node, considering the parent of the parent of the specified parenting node.

 Question: 
"convergence" represents the parent node term under consideration. 
 - "convergence" : the act of converging (coming closer)
"convergence" is the subclass of "joining".
 - "joining" : the act of bringing two things into contact (especially for communication)
Now we want to add "merging" as a new child to the term "convergence".
 - "merging" : the act of joining together as one
If we decide to add a new node "merging" as a child of "convergence", it should conceptually become the consistent grandchild of"joining".

 Answer:
Yes

 Explanation:
",
    "o": "Merging is a special kind of convergence. Joining is the parent of convergence. It makes sense for merging to be a child of convergence."
  },
  "110157693611933903184412966624024775842889265846223858965880881418265266215747": {
    "i": "Your task is to assess the consistent feasibility of adding a new node term as a child to a designated parent node, considering the parent of the parent of the specified parenting node.

 Question: 
"convergence" represents the parent node term under consideration. 
 - "convergence" : the act of converging (coming closer)
"convergence" is the subclass of "joining".
 - "joining" : the act of bringing two things into contact (especially for communication)
Now we want to add "merging" as a new child to the term "convergence".
 - "combination" : the act of combining things to form a new whole
If we decide to add a new node "combination" as a child of "convergence", it should conceptually become the consistent grandchild of"joining".

 Answer:
No

 Explanation:
",
    "o": "The new node term "combination" is not a consistent grandchild of "joining"."
  },
  "22941995071390183195284685724749372396534097134182407570000592328594418477829": {
    "i": "Your task is to assess the consistent feasibility of adding a new node term as a child to a designated parent node, considering the parent of the parent of the specified parenting node.

 Question: 
"assignment" represents the parent node term under consideration. 
 - "assignment" : a duty that you are assigned to perform (especially in the armed forces)
"assignment" is the subclass of "duty".
 - "duty" : work that you are obliged to perform for moral or legal reasons
Now we want to add "sea-duty" as a new child to the term "assignment".
 - "sea-duty" : naval service aboard a ship at sea
If we decide to add a new node "sea-duty" as a child of "assignment", it should conceptually become the consistent grandchild of"duty".

 Answer:
Yes

 Explanation:
",
    "o": "The assignment is a subclass of "duty", and sea-duty is a sub-category of assignment. So it's consistent to add sea-duty as a child node of assignment, and sea-duty will be the consistent grandchild of "duty"."
  },
  "8027130317542294100307804032474002019600281553547484599864128775708728216229": {
    "i": "Your task is to assess the consistent feasibility of adding a new node term as a child to a designated parent node, considering the parent of the parent of the specified parenting node.

 Question: 
"assignment" represents the parent node term under consideration. 
 - "assignment" : a duty that you are assigned to perform (especially in the armed forces)
"assignment" is the subclass of "duty".
 - "duty" : work that you are obliged to perform for moral or legal reasons
Now we want to add "sea-duty" as a new child to the term "assignment".
 - "subbing" : working as a substitute for someone who is ill or on leave of absence
If we decide to add a new node "subbing" as a child of "assignment", it should conceptually become the consistent grandchild of"duty".

 Answer:
No

 Explanation:
",
    "o": "The proposed node term "subbing" is not conceptually consistent with the parent node term "assignment".
"Subbing" is not a form of duty.
"Subbing" is a form of work that is not necessarily obligatory.
"Subbing" is not a form of work that is done for moral or legal reasons."
  },
  "49158502824739279143096218718690447716301595107825697543655853919998437446359": {
    "i": "Your task is to assess the consistent feasibility of adding a new node term as a child to a designated parent node, considering the parent of the parent of the specified parenting node.

 Question: 
"acrobatic_stunt" represents the parent node term under consideration. 
 - "acrobatic_stunt" : a stunt performed by an acrobat
"acrobatic_stunt" is the subclass of "stunt".
 - "stunt" : a difficult or unusual or dangerous feat; usually done to gain attention
Now we want to add "tumble" as a new child to the term "acrobatic_stunt".
 - "tumble" : an acrobatic feat of rolling or turning end over end
If we decide to add a new node "tumble" as a child of "acrobatic_stunt", it should conceptually become the consistent grandchild of"stunt".

 Answer:
Yes

 Explanation:
",
    "o": "The new node "tumble" is a child of the parent node "acrobatic_stunt". It is also the grandchild of the parent of "acrobatic_stunt", which is "stunt"."
  },
  "83257202637292815288692796977882028237927900890453946297192626802632138517694": {
    "i": "Your task is to assess the consistent feasibility of adding a new node term as a child to a designated parent node, considering the parent of the parent of the specified parenting node.

 Question: 
"acrobatic_stunt" represents the parent node term under consideration. 
 - "acrobatic_stunt" : a stunt performed by an acrobat
"acrobatic_stunt" is the subclass of "stunt".
 - "stunt" : a difficult or unusual or dangerous feat; usually done to gain attention
Now we want to add "tumble" as a new child to the term "acrobatic_stunt".
 - "incursion" : the act of entering some territory or domain (often in large numbers)
If we decide to add a new node "incursion" as a child of "acrobatic_stunt", it should conceptually become the consistent grandchild of"stunt".

 Answer:
No

 Explanation:
",
    "o": ""Incursion" is a term that refers to the act of entering some territory or domain, often in large numbers. It is not necessarily associated with acrobatics and would not logically be considered a child of "acrobatic_stunt"."
  },
  "90602789308097290547205849372601023307809541704522738234715745768649076104352": {
    "i": "Your task is to assess the consistent feasibility of adding a new node term as a child to a designated parent node, considering the parent of the parent of the specified parenting node.

 Question: 
"equestrian_sport" represents the parent node term under consideration. 
 - "equestrian_sport" : a sport that tests horsemanship
"equestrian_sport" is the subclass of "riding".
 - "riding" : the sport of siting on the back of a horse while controlling its movements
Now we want to add "dressage" as a new child to the term "equestrian_sport".
 - "dressage" : maneuvers of a horse in response to body signals by the rider
If we decide to add a new node "dressage" as a child of "equestrian_sport", it should conceptually become the consistent grandchild of"riding".

 Answer:
Yes

 Explanation:
",
    "o": "Dressage is a type of equestrian sport and is a grandchild of riding."
  },
  "86216645797519325762214168409840432792667598466157434964162740281931488393284": {
    "i": "Your task is to assess the consistent feasibility of adding a new node term as a child to a designated parent node, considering the parent of the parent of the specified parenting node.

 Question: 
"equestrian_sport" represents the parent node term under consideration. 
 - "equestrian_sport" : a sport that tests horsemanship
"equestrian_sport" is the subclass of "riding".
 - "riding" : the sport of siting on the back of a horse while controlling its movements
Now we want to add "dressage" as a new child to the term "equestrian_sport".
 - "blood_sport" : sport that involves killing animals (especially hunting)
If we decide to add a new node "blood_sport" as a child of "equestrian_sport", it should conceptually become the consistent grandchild of"riding".

 Answer:
No

 Explanation:
",
    "o": "Because "blood_sport" is not a sport that tests horsemanship."
  },
  "39425720658335165462412346731936272239892362818741784663565445026258967988113": {
    "i": "Your task is to assess the consistent feasibility of adding a new node term as a child to a designated parent node, considering the parent of the parent of the specified parenting node.

 Question: 
"capture" represents the parent node term under consideration. 
 - "capture" : the removal of an opponent's piece from the chess board
"capture" is the subclass of "chess_move".
 - "chess_move" : the act of moving a chess piece
Now we want to add "exchange" as a new child to the term "capture".
 - "exchange" : (chess) gaining (or losing) a rook in return for a knight or bishop
If we decide to add a new node "exchange" as a child of "capture", it should conceptually become the consistent grandchild of"chess_move".

 Answer:
Yes

 Explanation:
",
    "o": "Yes, because "capture" is a subclass of "chess_move", and "exchange" is a subclass of "capture". So "exchange" is a grandchild of "chess_move"."
  },
  "36809018776055629976773621031207066065454044527331122653993522841282278145607": {
    "i": "Your task is to assess the consistent feasibility of adding a new node term as a child to a designated parent node, considering the parent of the parent of the specified parenting node.

 Question: 
"capture" represents the parent node term under consideration. 
 - "capture" : the removal of an opponent's piece from the chess board
"capture" is the subclass of "chess_move".
 - "chess_move" : the act of moving a chess piece
Now we want to add "exchange" as a new child to the term "capture".
 - "exposure" : presentation to view in an open or public manner
If we decide to add a new node "exposure" as a child of "capture", it should conceptually become the consistent grandchild of"chess_move".

 Answer:
No

 Explanation:
",
    "o": "No, because "exposure" and "chess_move" are not semantically related."
  },
  "12639893901687949194122985672999821819477256163509744840637991334468667329059": {
    "i": "Your task is to assess the consistent feasibility of adding a new node term as a child to a designated parent node, considering the parent of the parent of the specified parenting node.

 Question: 
"killing" represents the parent node term under consideration. 
 - "killing" : the act of terminating a life
"killing" is the subclass of "termination" and "act".
 - "termination" : the act of ending something
 - "act" : something that people do or cause to happen
Now we want to add "deathblow" as a new child to the term "killing".
 - "deathblow" : the blow that kills (usually mercifully)
If we decide to add a new node "deathblow" as a child of "killing", it should conceptually become the consistent grandchild of"termination" and "act".

 Answer:
Yes

 Explanation:
",
    "o": null
  },
  "24423001602285178419143817417630852411740821108595720732394671620013032043765": {
    "i": "Your task is to assess the consistent feasibility of adding a new node term as a child to a designated parent node, considering the parent of the parent of the specified parenting node.

 Question: 
"killing" represents the parent node term under consideration. 
 - "killing" : the act of terminating a life
"killing" is the subclass of "act" and "termination".
 - "act" : something that people do or cause to happen
 - "termination" : the act of ending something
Now we want to add "deathblow" as a new child to the term "killing".
 - "chew" : biting and grinding food in your mouth so it becomes soft enough to swallow
If we decide to add a new node "chew" as a child of "killing", it should conceptually become the consistent grandchild of"act" and "termination".

 Answer:
No

 Explanation:
",
    "o": null
  },
  "81359102105322919505200620852043580603940266636114446128696040690443181485265": {
    "i": "Your task is to assess the consistent feasibility of adding a new node term as a child to a designated parent node, considering the parent of the parent of the specified parenting node.

 Question: 
"agon" represents the parent node term under consideration. 
 - "agon" : a festivity in ancient Greece at which competitors contended for prizes
"agon" is the subclass of "celebration" and "analysis".
 - "celebration" : any joyous diversion
 - "analysis" : an investigation of the component parts of a whole and their relations in making up the whole
Now we want to add "nemean_games" as a new child to the term "agon".
 - "nemean_games" : the ancient Panhellenic games held biennially at Nemea in the second and fourth years of each Olympiad
If we decide to add a new node "nemean_games" as a child of "agon", it should conceptually become the consistent grandchild of"celebration" and "analysis".

 Answer:
Yes

 Explanation:
",
    "o": "Nemean games are a type of agons. So it is consistent to add it as a child of agons."
  },
  "95621312574542371936103496344935200238199462855212422716597991837621188494885": {
    "i": "Your task is to assess the consistent feasibility of adding a new node term as a child to a designated parent node, considering the parent of the parent of the specified parenting node.

 Question: 
"agon" represents the parent node term under consideration. 
 - "agon" : a festivity in ancient Greece at which competitors contended for prizes
"agon" is the subclass of "celebration" and "analysis".
 - "celebration" : any joyous diversion
 - "analysis" : an investigation of the component parts of a whole and their relations in making up the whole
Now we want to add "nemean_games" as a new child to the term "agon".
 - "likening" : the act of comparing similarities
If we decide to add a new node "likening" as a child of "agon", it should conceptually become the consistent grandchild of"celebration" and "analysis".

 Answer:
No

 Explanation:
",
    "o": "Likening is the act of comparing similarities. Agon is a festivity in ancient Greece at which competitors contended for prizes. Agon is not the act of comparing similarities. So, it makes no sense to add likening as a child of agon."
  },
  "7012638973173649767562296990791791629022255796728093379894637547534465654500": {
    "i": "Your task is to assess the consistent feasibility of adding a new node term as a child to a designated parent node, considering the parent of the parent of the specified parenting node.

 Question: 
"count" represents the parent node term under consideration. 
 - "count" : the act of counting; reciting numbers in ascending order
"count" is the subclass of "investigation".
 - "investigation" : the work of inquiring into something thoroughly and systematically
Now we want to add "miscount" as a new child to the term "count".
 - "miscount" : an inaccurate count
If we decide to add a new node "miscount" as a child of "count", it should conceptually become the consistent grandchild of"investigation".

 Answer:
Yes

 Explanation:
",
    "o": "The definition of "miscount" is an inaccurate count. If we decide to add a new node "miscount" as a child of "count", it should conceptually become the consistent grandchild of"investigation"."
  },
  "80448047565812764394619102108050532393340960957855395730563437308808488046964": {
    "i": "Your task is to assess the consistent feasibility of adding a new node term as a child to a designated parent node, considering the parent of the parent of the specified parenting node.

 Question: 
"count" represents the parent node term under consideration. 
 - "count" : the act of counting; reciting numbers in ascending order
"count" is the subclass of "investigation".
 - "investigation" : the work of inquiring into something thoroughly and systematically
Now we want to add "miscount" as a new child to the term "count".
 - "job" : a damaging piece of work
If we decide to add a new node "job" as a child of "count", it should conceptually become the consistent grandchild of"investigation".

 Answer:
No

 Explanation:
",
    "o": "Job is not a subclass of count."
  },
  "85000399136417208247914990731637973568462656147871320164287630525234523555191": {
    "i": "Your task is to assess the consistent feasibility of adding a new node term as a child to a designated parent node, considering the parent of the parent of the specified parenting node.

 Question: 
"discovery" represents the parent node term under consideration. 
 - "discovery" : the act of discovering something
"discovery" is the subclass of "act".
 - "act" : something that people do or cause to happen
Now we want to add "tracing" as a new child to the term "discovery".
 - "tracing" : the discovery and description of the course of development of something
If we decide to add a new node "tracing" as a child of "discovery", it should conceptually become the consistent grandchild of"act".

 Answer:
Yes

 Explanation:
",
    "o": "tracing is a kind of discovery."
  },
  "61889023644775546063033633771640778922087289742584397766584447659383351461498": {
    "i": "Your task is to assess the consistent feasibility of adding a new node term as a child to a designated parent node, considering the parent of the parent of the specified parenting node.

 Question: 
"discovery" represents the parent node term under consideration. 
 - "discovery" : the act of discovering something
"discovery" is the subclass of "act".
 - "act" : something that people do or cause to happen
Now we want to add "tracing" as a new child to the term "discovery".
 - "surfacing" : emerging to the surface and becoming apparent
If we decide to add a new node "surfacing" as a child of "discovery", it should conceptually become the consistent grandchild of"act".

 Answer:
No

 Explanation:
",
    "o": "Surface is not a subclass of discovery."
  },
  "51630309808607207809935598901312261093895005892879251675339062096161907473099": {
    "i": "Your task is to assess the consistent feasibility of adding a new node term as a child to a designated parent node, considering the parent of the parent of the specified parenting node.

 Question: 
"chess_move" represents the parent node term under consideration. 
 - "chess_move" : the act of moving a chess piece
"chess_move" is the subclass of "move".
 - "move" : (game) a player's turn to take some action permitted by the rules of the game
Now we want to add "gambit" as a new child to the term "chess_move".
 - "gambit" : a chess move early in the game in which the player sacrifices minor pieces in order to obtain an advantageous position
If we decide to add a new node "gambit" as a child of "chess_move", it should conceptually become the consistent grandchild of"move".

 Answer:
Yes

 Explanation:
",
    "o": "Yes, because "chess_move" is a subclass of "move"."
  },
  "74206958068965962604346471045108668144576077111558871960270189349374080304657": {
    "i": "Your task is to assess the consistent feasibility of adding a new node term as a child to a designated parent node, considering the parent of the parent of the specified parenting node.

 Question: 
"chess_move" represents the parent node term under consideration. 
 - "chess_move" : the act of moving a chess piece
"chess_move" is the subclass of "move".
 - "move" : (game) a player's turn to take some action permitted by the rules of the game
Now we want to add "gambit" as a new child to the term "chess_move".
 - "down" : (American football) a complete play to advance the football
If we decide to add a new node "down" as a child of "chess_move", it should conceptually become the consistent grandchild of"move".

 Answer:
No

 Explanation:
",
    "o": ""down" is a game play in American football, which is not a valid child of "move"."
  },
  "58243573522860836893668999652103474152727808367280686609764692641946830121611": {
    "i": "Your task is to assess the consistent feasibility of adding a new node term as a child to a designated parent node, considering the parent of the parent of the specified parenting node.

 Question: 
"board_game" represents the parent node term under consideration. 
 - "board_game" : a game played on a specially designed board
"board_game" is the subclass of "parlor_game".
 - "parlor_game" : a game suitable for playing in a parlor
Now we want to add "checkers" as a new child to the term "board_game".
 - "checkers" : a checkerboard game for two players who each have 12 pieces; the object is to jump over and so capture the opponent's pieces
If we decide to add a new node "checkers" as a child of "board_game", it should conceptually become the consistent grandchild of"parlor_game".

 Answer:
Yes

 Explanation:
",
    "o": "The parent node, "board_game", is a subclass of "parlor_game". The new node, "checkers", is a subclass of "board_game". Therefore, if we decide to add the new node, "checkers", as a child of the parent node, "board_game", it should conceptually become the consistent grandchild of "parlor_game"."
  },
  "37732415330510463096976718341759542252630692047591214057501240687921757222962": {
    "i": "Your task is to assess the consistent feasibility of adding a new node term as a child to a designated parent node, considering the parent of the parent of the specified parenting node.

 Question: 
"board_game" represents the parent node term under consideration. 
 - "board_game" : a game played on a specially designed board
"board_game" is the subclass of "parlor_game".
 - "parlor_game" : a game suitable for playing in a parlor
Now we want to add "checkers" as a new child to the term "board_game".
 - "zero-sum_game" : a game in which the total of all the gains and losses is zero
If we decide to add a new node "zero-sum_game" as a child of "board_game", it should conceptually become the consistent grandchild of"parlor_game".

 Answer:
No

 Explanation:
",
    "o": "Zero-sum game is not a type of board game. So it should not become the consistent grandchild of "parlor_game"."
  },
  "65262610099217546389859274634702433509559196281410828160000923670790178468977": {
    "i": "Your task is to assess the consistent feasibility of adding a new node term as a child to a designated parent node, considering the parent of the parent of the specified parenting node.

 Question: 
"division" represents the parent node term under consideration. 
 - "division" : the act or process of dividing
"division" is the subclass of "separation".
 - "separation" : the act of dividing or disconnecting
Now we want to add "parcellation" as a new child to the term "division".
 - "parcellation" : the division into parcels
If we decide to add a new node "parcellation" as a child of "division", it should conceptually become the consistent grandchild of"separation".

 Answer:
Yes

 Explanation:
",
    "o": ""parcellation" is a child of "division" and "division" is a subclass of "separation". So "parcellation" is the grandchild of "separation"."
  },
  "113510423682766061364194987585248497013904592562876974929749221747647702938656": {
    "i": "Your task is to assess the consistent feasibility of adding a new node term as a child to a designated parent node, considering the parent of the parent of the specified parenting node.

 Question: 
"division" represents the parent node term under consideration. 
 - "division" : the act or process of dividing
"division" is the subclass of "separation".
 - "separation" : the act of dividing or disconnecting
Now we want to add "parcellation" as a new child to the term "division".
 - "damage" : the act of damaging something or someone
If we decide to add a new node "damage" as a child of "division", it should conceptually become the consistent grandchild of"separation".

 Answer:
No

 Explanation:
",
    "o": "Damage is not a consistent grandchild of separation."
  },
  "48825540719398205324822679681401175617963081593047742448241836648463739543477": {
    "i": "Your task is to assess the consistent feasibility of adding a new node term as a child to a designated parent node, considering the parent of the parent of the specified parenting node.

 Question: 
"workload" represents the parent node term under consideration. 
 - "workload" : work that a person is expected to do in a specified time
"workload" is the subclass of "employment".
 - "employment" : the occupation for which you are paid
Now we want to add "case_load" as a new child to the term "workload".
 - "case_load" : the number of cases handled in a given period of time (as by a court or agency)
If we decide to add a new node "case_load" as a child of "workload", it should conceptually become the consistent grandchild of"employment".

 Answer:
Yes

 Explanation:
",
    "o": "Yes, because the new node "case_load" is a consistent subclass of the parent node "workload" and the parent node "workload" is a consistent subclass of the parent node "employment"."
  },
  "99925114268180966242899575305340135821415967155769047187615812228293487942396": {
    "i": "Your task is to assess the consistent feasibility of adding a new node term as a child to a designated parent node, considering the parent of the parent of the specified parenting node.

 Question: 
"workload" represents the parent node term under consideration. 
 - "workload" : work that a person is expected to do in a specified time
"workload" is the subclass of "employment".
 - "employment" : the occupation for which you are paid
Now we want to add "case_load" as a new child to the term "workload".
 - "accountancy" : the occupation of maintaining and auditing records and preparing financial reports for a business
If we decide to add a new node "accountancy" as a child of "workload", it should conceptually become the consistent grandchild of"employment".

 Answer:
No

 Explanation:
",
    "o": "The new node "accountancy" is not a child of "workload"."
  },
  "59406796901180825378969649773865724713102134757114227050366143013691993319884": {
    "i": "Your task is to assess the consistent feasibility of adding a new node term as a child to a designated parent node, considering the parent of the parent of the specified parenting node.

 Question: 
"sacrifice" represents the parent node term under consideration. 
 - "sacrifice" : the act of killing (an animal or person) in order to propitiate a deity
"sacrifice" is the subclass of "killing".
 - "killing" : the act of terminating a life
Now we want to add "hecatomb" as a new child to the term "sacrifice".
 - "hecatomb" : a great sacrifice; an ancient Greek or Roman sacrifice of 100 oxen
If we decide to add a new node "hecatomb" as a child of "sacrifice", it should conceptually become the consistent grandchild of"killing".

 Answer:
Yes

 Explanation:
",
    "o": "The term "hecatomb" is semantically consistent with the term "sacrifice" as "hecatomb" is a type of "sacrifice"."
  },
  "25717185149549546285357420393582207815816424933551797914114372734209942680732": {
    "i": "Your task is to assess the consistent feasibility of adding a new node term as a child to a designated parent node, considering the parent of the parent of the specified parenting node.

 Question: 
"sacrifice" represents the parent node term under consideration. 
 - "sacrifice" : the act of killing (an animal or person) in order to propitiate a deity
"sacrifice" is the subclass of "killing".
 - "killing" : the act of terminating a life
Now we want to add "hecatomb" as a new child to the term "sacrifice".
 - "abort" : the act of terminating a project or procedure before it is completed
If we decide to add a new node "abort" as a child of "sacrifice", it should conceptually become the consistent grandchild of"killing".

 Answer:
No

 Explanation:
",
    "o": "The definition of sacrifice is to kill in order to propitiate a deity. 
The definition of abort is to terminate a project or procedure before it is completed. 
These two are not consistent."
  },
  "79197042331472713577868168700959667617049581025843153231953298401935335983107": {
    "i": "Your task is to assess the consistent feasibility of adding a new node term as a child to a designated parent node, considering the parent of the parent of the specified parenting node.

 Question: 
"position" represents the parent node term under consideration. 
 - "position" : a job in an organization
"position" is the subclass of "occupation".
 - "occupation" : the principal activity in your life that you do to earn money
Now we want to add "tribuneship" as a new child to the term "position".
 - "tribuneship" : the position of tribune
If we decide to add a new node "tribuneship" as a child of "position", it should conceptually become the consistent grandchild of"occupation".

 Answer:
Yes

 Explanation:
",
    "o": "The term "tribuneship" is a type of position that someone can hold. The term "position" is a subclass of "occupation" and the term "tribuneship" is a child of "position". Therefore, the term "tribuneship" is a grandchild of "occupation"."
  },
  "51200543968710731642687200481227323142122517715198716842283097980269549605288": {
    "i": "Your task is to assess the consistent feasibility of adding a new node term as a child to a designated parent node, considering the parent of the parent of the specified parenting node.

 Question: 
"position" represents the parent node term under consideration. 
 - "position" : a job in an organization
"position" is the subclass of "occupation".
 - "occupation" : the principal activity in your life that you do to earn money
Now we want to add "tribuneship" as a new child to the term "position".
 - "bathing" : immersing the body in water or sunshine
If we decide to add a new node "bathing" as a child of "position", it should conceptually become the consistent grandchild of"occupation".

 Answer:
No

 Explanation:
",
    "o": "Bathing is not a position."
  },
  "89657060610859250131094132269005338432044299705480518915796426004811401810170": {
    "i": "Your task is to assess the consistent feasibility of adding a new node term as a child to a designated parent node, considering the parent of the parent of the specified parenting node.

 Question: 
"waste" represents the parent node term under consideration. 
 - "waste" : useless or profitless activity; using or expending or consuming thoughtlessly or carelessly
"waste" is the subclass of "activity".
 - "activity" : any specific behavior
Now we want to add "extravagance" as a new child to the term "waste".
 - "extravagance" : excessive spending
If we decide to add a new node "extravagance" as a child of "waste", it should conceptually become the consistent grandchild of"activity".

 Answer:
Yes

 Explanation:
",
    "o": ""waste" is the subclass of "activity".
"extravagance" is the subclass of "waste".
So "extravagance" is the grandchild of "activity"."
  },
  "95567508329330812201219836050478770408625199038859110765370712459147142765633": {
    "i": "Your task is to assess the consistent feasibility of adding a new node term as a child to a designated parent node, considering the parent of the parent of the specified parenting node.

 Question: 
"waste" represents the parent node term under consideration. 
 - "waste" : useless or profitless activity; using or expending or consuming thoughtlessly or carelessly
"waste" is the subclass of "activity".
 - "activity" : any specific behavior
Now we want to add "extravagance" as a new child to the term "waste".
 - "contact" : close interaction
If we decide to add a new node "contact" as a child of "waste", it should conceptually become the consistent grandchild of"activity".

 Answer:
No

 Explanation:
",
    "o": ""contact" is not a subclass of "waste"."
  },
  "44619355009327650742631493679970575085046883970246464213919795137663779034147": {
    "i": "Your task is to assess the consistent feasibility of adding a new node term as a child to a designated parent node, considering the parent of the parent of the specified parenting node.

 Question: 
"therapy" represents the parent node term under consideration. 
 - "therapy" : (medicine) the act of caring for someone (as by medication or remedial training etc.)
"therapy" is the subclass of "medical_care".
 - "medical_care" : professional treatment for illness or injury
Now we want to add "heliotherapy" as a new child to the term "therapy".
 - "heliotherapy" : therapeutic exposure to sunlight
If we decide to add a new node "heliotherapy" as a child of "therapy", it should conceptually become the consistent grandchild of"medical_care".

 Answer:
Yes

 Explanation:
",
    "o": "The proposed addition of the node term "heliotherapy" as a child of the term "therapy" would be consistent with the parent-child relationship between "therapy" and "medical_care", as it is a form of treatment for illness or injury."
  },
  "69901253082096952746451316695303117625182588637855416130533978873245831915930": {
    "i": "Your task is to assess the consistent feasibility of adding a new node term as a child to a designated parent node, considering the parent of the parent of the specified parenting node.

 Question: 
"therapy" represents the parent node term under consideration. 
 - "therapy" : (medicine) the act of caring for someone (as by medication or remedial training etc.)
"therapy" is the subclass of "medical_care".
 - "medical_care" : professional treatment for illness or injury
Now we want to add "heliotherapy" as a new child to the term "therapy".
 - "naprapathy" : a drugless method of treatment based on the belief that disease symptoms arise from problems with ligaments and connective tissues
If we decide to add a new node "naprapathy" as a child of "therapy", it should conceptually become the consistent grandchild of"medical_care".

 Answer:
No

 Explanation:
",
    "o": "The child node "naprapathy" is not a subclass of "therapy"."
  }
}
